<?xml version="1.0" encoding="UTF-8"?>
<!-- Generated by org.testng.reporters.JUnitXMLReporter -->
<testsuite ignored="0" hostname="Yugesh" failures="1" tests="1" name="Test" time="17.303" errors="0" timestamp="2024-10-30T09:04:48 IST">
  <testcase classname="Listeners.TestScript" name="login" time="3.506">
    <failure type="java.lang.AssertionError" message="Home Page is Not displayed expected [Demo Web Shop] but found [Demo Web Shop. Login]">
      <![CDATA[java.lang.AssertionError: Home Page is Not displayed expected [Demo Web Shop] but found [Demo Web Shop. Login]
at Listeners.TestScript.login(TestScript.java:18)
at java.base/java.util.ArrayList.forEach(ArrayList.java:1596)
... Removed 30 stack frames]]>
    </failure>
  </testcase> <!-- login -->
</testsuite> <!-- Test -->
